2021/02/23 16:01:24 Ass_main.py[line:69] INFO ######## Tools start ########
2021/02/23 16:01:24 Ass_main.py[line:164] INFO ######>>> Check device
2021/02/23 16:01:24 Ass_main.py[line:179] DEBUG Device list:[]
2021/02/23 16:01:24 Ass_main.py[line:429] INFO ######>>> Check port
2021/02/23 16:01:24 Ass_main.py[line:437] DEBUG Port list:{'COM8': 'LeadCore CMCC AT Interface (COM8)', 'COM7': 'LeadCore CMCC Diagnoses (COM7)'}
2021/02/23 16:01:24 Ass_main.py[line:964] INFO ######>>> Init settings AT Dialog
2021/02/23 16:01:24 Ass_main.py[line:1032] INFO ######>>> Init Default settings Dialog
2021/02/23 16:01:27 Ass_main.py[line:443] INFO ######>>> Open port
2021/02/23 16:01:27 Ass_main.py[line:446] INFO Port:COM8  baudrate:115200  bytesize:8  parity:N  stopbits:1
2021/02/23 16:01:34 Ass_main.py[line:443] INFO ######>>> Open port
2021/02/23 16:01:34 Ass_main.py[line:446] INFO Port:COM7  baudrate:115200  bytesize:8  parity:N  stopbits:1
2021/02/23 16:01:34 Ass_main.py[line:529] DEBUG Receive data:
^CPSTATE: -124,201,36,84

^DGSQU: 15,2

+CSQ: 15,2

2021/02/23 16:01:35 Ass_main.py[line:496] INFO Send Combobox Cmd: AT
2021/02/23 16:01:35 Ass_main.py[line:529] DEBUG Receive data:
OK

2021/02/23 16:01:36 Ass_main.py[line:496] INFO Send Combobox Cmd: AT
2021/02/23 16:01:36 Ass_main.py[line:529] DEBUG Receive data:
OK

2021/02/23 16:01:44 Ass_main.py[line:519] INFO Send At Cmd: at+creg?
2021/02/23 16:01:44 Ass_main.py[line:529] DEBUG Receive data:
+CREG: 0,1

OK

