2021/03/15 15:54:37 mainpage.py->dev_check [line:101] INFO ######>>> Check device
2021/03/15 15:54:37 settingspage.py->init [line:25] INFO ######>>> Init Default settings Dialog
2021/03/15 15:54:37 mainpage.py->port_check [line:470] INFO ######>>> Check port
2021/03/15 15:54:37 atpage.py->init [line:22] INFO ######>>> Init settings AT Dialog
2021/03/15 15:54:37 settingspage.py->init [line:25] INFO ######>>> Init Default settings Dialog
2021/03/15 15:54:37 settingspage.py->init [line:25] INFO ######>>> Init Default settings Dialog
2021/03/15 15:54:39 mainpage.py->dev_check [line:101] INFO ######>>> Check device
2021/03/15 15:54:42 mainpage.py->bt_status [line:136] INFO ######>>> Bluetooth status
2021/03/15 15:54:43 mainpage.py->wifi_status [line:162] INFO ######>>> wifi status
2021/03/15 15:54:43 mainpage.py->wifi_status [line:170] INFO ######>>> check wifi status: closed
2021/03/15 15:54:44 mainpage.py->wifi_info [line:202] INFO ######>>> wifi info
2021/03/15 15:54:45 mainpage.py->wifi_info [line:222] INFO ######>>> check wifi status: closed
2021/03/15 15:54:45 mainpage.py->sim_status [line:233] INFO ######>>> SIM status
2021/03/15 15:54:47 mainpage.py->sdcard_status [line:266] INFO ######>>> Sdcard status
2021/03/15 15:54:49 mainpage.py->_get_locallog [line:303] INFO ######>>> get local log
2021/03/15 15:54:55 mainpage.py->reboot [line:359] INFO 测试项：reboot重启 次数：3
2021/03/15 15:54:55 mainpage.py->reboot [line:363] INFO AP reboot重启：共3次，第1次测试
2021/03/15 15:55:20 mainpage.py->reboot [line:363] INFO AP reboot重启：共3次，第2次测试
2021/03/15 15:55:48 mainpage.py->reboot [line:363] INFO AP reboot重启：共3次，第3次测试
2021/03/15 15:56:12 mainpage.py->reboot [line:391] INFO reboot重启测试结束，测试3次
2021/03/15 15:58:21 mainpage.py->stop_test_ap [line:91] WARNING force stop test !!!
2021/03/15 16:08:00 mainpage.py->port_check [line:470] INFO ######>>> Check port
2021/03/15 16:08:01 mainpage.py->port_check [line:470] INFO ######>>> Check port
2021/03/15 16:08:17 mainpage.py->port_check [line:470] INFO ######>>> Check port
2021/03/15 16:08:18 mainpage.py->port_open [line:487] INFO ######>>> Open port
2021/03/15 16:08:18 mainpage.py->port_open [line:490] INFO Port:COM8  baudrate:115200  bytesize:8  parity:N  stopbits:1
2021/03/15 16:08:18 mainpage.py->__exec_cmd [line:636] INFO exec >> AT^DSCI=1
2021/03/15 16:08:20 mainpage.py->__exec_cmd [line:636] INFO exec >> AT+CFUN?
2021/03/15 16:08:20 mainpage.py->exec_choose_at [line:543] INFO exec AT combobox：AT+CFUN?
2021/03/15 16:08:24 mainpage.py->__exec_cmd [line:636] INFO exec >> AT+CREG?
2021/03/15 16:08:24 mainpage.py->_calling_to_answer [line:849] INFO 测试项：主叫主挂 测试次数: 0, pass: 0, fail: 0

2021/03/15 16:08:33 atpage.py->remove_at_cmd [line:55] INFO ######>>> Remove AT Command: AT+CREG?
2021/03/15 16:08:33 atpage.py->remove_at_cmd [line:67] INFO ######!!! Remove AT Command: AT+CREG? success
2021/03/15 16:08:42 settingspage.py->modify_config [line:65] INFO config.cfg modified Test times: 5
2021/03/15 16:08:42 settingspage.py->modify_config [line:65] INFO config.cfg modified Test times: 5
2021/03/15 16:08:43 mainpage.py->__exec_cmd [line:636] INFO exec >> AT+CREG?
2021/03/15 16:08:43 mainpage.py->_calling_to_answer [line:849] INFO 测试项：主叫主挂 测试次数: 0, pass: 0, fail: 0

2021/03/15 16:08:59 mainpage.py->__exec_cmd [line:636] INFO exec >> AT+CREG?
2021/03/15 16:08:59 mainpage.py->_calling_to_answer [line:849] INFO 测试项：主叫主挂 测试次数: 0, pass: 0, fail: 0

2021/03/15 16:09:17 mainpage.py->__exec_cmd [line:636] INFO exec >> AT+CREG?
2021/03/15 16:09:17 mainpage.py->_no_caller_answer [line:1018] INFO 测试项：主叫未接 测试次数:0, pass:0, fail:0

2021/03/15 16:09:33 atpage.py->remove_at_cmd [line:55] INFO ######>>> Remove AT Command: AT
2021/03/15 16:09:33 atpage.py->remove_at_cmd [line:67] INFO ######!!! Remove AT Command: AT success
2021/03/15 16:09:40 mainpage.py->__exec_cmd [line:636] INFO exec >> AT+CFUN?
2021/03/15 16:09:40 mainpage.py->exec_choose_at [line:543] INFO exec AT combobox：AT+CFUN?
2021/03/15 16:09:42 mainpage.py->__exec_cmd [line:636] INFO exec >> AT^DMSN
2021/03/15 16:09:42 mainpage.py->exec_choose_at [line:543] INFO exec AT combobox：AT^DMSN
2021/03/15 16:09:44 mainpage.py->__exec_cmd [line:636] INFO exec >> AT+CGMR
2021/03/15 16:09:44 mainpage.py->exec_choose_at [line:543] INFO exec AT combobox：AT+CGMR
2021/03/15 16:09:55 mainpage.py->data_send [line:559] INFO Send At Cmd: at+dmsn=123
2021/03/15 16:10:03 mainpage.py->data_send [line:559] INFO Send At Cmd: at+dmsn=123456789012345
